<?xml version="1.0" encoding="UTF-8"?>
<!-- Generated by org.testng.reporters.JUnitReportReporter -->
<testsuite hostname="ip-172-31-21-76" failures="0" tests="2" name="testcases.LoginTest" time="11.004" errors="0" timestamp="09 Dec 2023 09:08:49 GMT" skipped="0">
  <testcase classname="testcases.LoginTest" name="loginFailure" time="5.599"/>
  <testcase classname="testcases.LoginTest" name="loginSuccess" time="5.405"/>
</testsuite> <!-- testcases.LoginTest -->
