<?xml version="1.0" encoding="UTF-8"?>
<!-- Generated by org.testng.reporters.JUnitReportReporter -->
<testsuite hostname="ip-172-31-21-76" failures="0" tests="2" name="testcases.LoginTest" time="12.339" errors="0" timestamp="09 Dec 2023 08:13:38 GMT" skipped="0">
  <testcase classname="testcases.LoginTest" name="loginFailure" time="6.530"/>
  <testcase classname="testcases.LoginTest" name="loginSuccess" time="5.809"/>
</testsuite> <!-- testcases.LoginTest -->
