<?xml version="1.0" encoding="UTF-8"?>
<!-- Generated by org.testng.reporters.JUnitReportReporter -->
<testsuite hostname="ip-172-31-21-76" failures="0" tests="2" name="testcases.LoginTest" time="11.329" errors="0" timestamp="09 Dec 2023 08:01:20 GMT" skipped="0">
  <testcase classname="testcases.LoginTest" name="loginFailure" time="5.803"/>
  <testcase classname="testcases.LoginTest" name="loginSuccess" time="5.526"/>
</testsuite> <!-- testcases.LoginTest -->
