<?xml version="1.0" encoding="UTF-8"?>
<!-- Generated by org.testng.reporters.JUnitReportReporter -->
<testsuite hostname="ip-172-31-21-76" failures="0" tests="1" name="testcases.LoginTest" time="4.670" errors="0" timestamp="09 Dec 2023 07:26:30 GMT" skipped="0">
  <testcase classname="testcases.LoginTest" name="loginFailure" time="4.670"/>
</testsuite> <!-- testcases.LoginTest -->
